actionid: py27
msg: getenv
cmdargs: ['/usr/local/opt/python/bin/python2.7', '-m', 'virtualenv', '--python', '/Users/shakamunyi/anaconda2/bin/python2.7', 'py27']
env: {'GOPATH': '/Users/shakamunyi/.go', 'rvm_version': '1.27.0 (latest)', 'NODE_REPL_MODE': 'sloppy', 'rvm_path': '/Users/shakamunyi/.rvm', 'TERM_PROGRAM_VERSION': '361.1', 'RUBY_VERSION': 'ruby-2.3.0', 'LOGNAME': 'shakamunyi', 'USER': 'shakamunyi', 'HOME': '/Users/shakamunyi', 'PATH': '/Users/shakamunyi/Development/facebook/apache-beam/sdks/python/.tox/py27/bin:/Users/shakamunyi/anaconda2/bin:/Users/shakamunyi/Development/google/google-cloud-sdk/bin:/Users/shakamunyi/anaconda2/bin:/usr/local/share/npm/bin:/Users/shakamunyi/.rvm/gems/ruby-2.3.0/bin:/Users/shakamunyi/.rvm/gems/ruby-2.3.0@global/bin:/Users/shakamunyi/.rvm/rubies/ruby-2.3.0/bin:/usr/local/bin:/usr/bin:/bin:/usr/sbin:/sbin:/opt/X11/bin:/Users/shakamunyi/.rvm/bin:/Users/shakamunyi/.go/bin', 'HISTSIZE': '32768', 'DISPLAY': '/private/tmp/com.apple.launchd.Tjch0Z7CHL/org.macosforge.xquartz:0', 'TERM_PROGRAM': 'Apple_Terminal', 'LANG': 'en_US.UTF-8', 'HISTCONTROL': 'ignoreboth', 'TERM': 'xterm-256color', 'SHELL': '/bin/bash', 'NODE_REPL_HISTORY': '/Users/shakamunyi/.node_history', 'SHLVL': '1', 'LESS_TERMCAP_md': '\x1b[38;5;136m', 'PWD': '/Users/shakamunyi/Development/facebook/apache-beam', 'XPC_FLAGS': '0x0', 'PYTHONIOENCODING': 'UTF-8', 'VIRTUAL_ENV': '/Users/shakamunyi/Development/facebook/apache-beam/sdks/python/.tox/py27', 'PYTHONHASHSEED': '871173734', 'EDITOR': 'vim', '_system_arch': 'x86_64', 'HISTFILESIZE': '32768', 'PYTHONUSERBASE': '/Users/shakamunyi/Development/facebook/apache-beam/sdks/python/target/python', 'rvm_bin_path': '/Users/shakamunyi/.rvm/bin', 'TERM_SESSION_ID': '091832A2-0F5E-463D-BCD0-60E9F5A8E102', 'XPC_SERVICE_NAME': '0', 'rvm_prefix': '/Users/shakamunyi', 'SSH_AUTH_SOCK': '/private/tmp/com.apple.launchd.UVBBVaEFOI/Listeners', 'IRBRC': '/Users/shakamunyi/.rvm/rubies/ruby-2.3.0/.irbrc', 'NODE_REPL_HISTORY_SIZE': '32768', 'MY_RUBY_HOME': '/Users/shakamunyi/.rvm/rubies/ruby-2.3.0', 'Apple_PubSub_Socket_Render': '/private/tmp/com.apple.launchd.Hl0F5EUQIJ/Render', 'MANPAGER': 'less -X', 'LC_ALL': 'en_US.UTF-8', '_system_type': 'Darwin', 'TMPDIR': '/var/folders/wj/259gz6l965b0dscsvnlwf7g00000gn/T/', 'JAVA_HOME': '/Library/Java/JavaVirtualMachines/jdk1.8.0_112.jdk/Contents/Home', 'MAVEN_CMD_LINE_ARGS': ' clean install', 'MAVEN_PROJECTBASEDIR': '/Users/shakamunyi/Development/facebook/apache-beam', 'OLDPWD': '/Users/shakamunyi/Development/facebook/apache-beam', 'GEM_PATH': '/Users/shakamunyi/.rvm/gems/ruby-2.3.0:/Users/shakamunyi/.rvm/gems/ruby-2.3.0@global', '__CF_USER_TEXT_ENCODING': '0x1F5:0x0:0x0', '_system_name': 'OSX', '_system_version': '10.11', 'LS_COLORS': 'no=00:fi=00:di=01;34:ln=01;36:pi=40;33:so=01;35:do=01;35:bd=40;33;01:cd=40;33;01:or=40;31;01:ex=01;32:*.tar=01;31:*.tgz=01;31:*.arj=01;31:*.taz=01;31:*.lzh=01;31:*.zip=01;31:*.z=01;31:*.Z=01;31:*.gz=01;31:*.bz2=01;31:*.deb=01;31:*.rpm=01;31:*.jar=01;31:*.jpg=01;35:*.jpeg=01;35:*.gif=01;35:*.bmp=01;35:*.pbm=01;35:*.pgm=01;35:*.ppm=01;35:*.tga=01;35:*.xbm=01;35:*.xpm=01;35:*.tif=01;35:*.tiff=01;35:*.png=01;35:*.mov=01;35:*.mpg=01;35:*.mpeg=01;35:*.avi=01;35:*.fli=01;35:*.gl=01;35:*.dl=01;35:*.xcf=01;35:*.xwd=01;35:*.ogg=01;35:*.mp3=01;35:*.wav=01;35:', 'JAVA_MAIN_CLASS_64727': 'org.codehaus.plexus.classworlds.launcher.Launcher', 'GEM_HOME': '/Users/shakamunyi/.rvm/gems/ruby-2.3.0'}

New python executable in /Users/shakamunyi/Development/facebook/apache-beam/sdks/python/.tox/py27/bin/python2.7
Also creating executable in /Users/shakamunyi/Development/facebook/apache-beam/sdks/python/.tox/py27/bin/python
Installing setuptools, pip, wheel...
  Complete output from command /Users/shakamunyi/De...x/py27/bin/python2.7 - setuptools pip wheel:
  Traceback (most recent call last):
  File "<stdin>", line 4, in <module>
  File "/Users/shakamunyi/anaconda2/lib/python2.7/tempfile.py", line 32, in <module>
    import io as _io
  File "/Users/shakamunyi/anaconda2/lib/python2.7/io.py", line 51, in <module>
    import _io
ImportError: dlopen(/Users/shakamunyi/Development/facebook/apache-beam/sdks/python/.tox/py27/lib/python2.7/lib-dynload/_io.so, 2): Symbol not found: __PyCodecInfo_GetIncrementalDecoder
  Referenced from: /Users/shakamunyi/Development/facebook/apache-beam/sdks/python/.tox/py27/lib/python2.7/lib-dynload/_io.so
  Expected in: flat namespace
 in /Users/shakamunyi/Development/facebook/apache-beam/sdks/python/.tox/py27/lib/python2.7/lib-dynload/_io.so
----------------------------------------
...Installing setuptools, pip, wheel...done.
Traceback (most recent call last):
  File "/Users/shakamunyi/Development/facebook/apache-beam/sdks/python/target/python/lib/python/site-packages/virtualenv.py", line 2328, in <module>
    main()
  File "/Users/shakamunyi/Development/facebook/apache-beam/sdks/python/target/python/lib/python/site-packages/virtualenv.py", line 713, in main
    symlink=options.symlink)
  File "/Users/shakamunyi/Development/facebook/apache-beam/sdks/python/target/python/lib/python/site-packages/virtualenv.py", line 945, in create_environment
    download=download,
  File "/Users/shakamunyi/Development/facebook/apache-beam/sdks/python/target/python/lib/python/site-packages/virtualenv.py", line 901, in install_wheel
    call_subprocess(cmd, show_stdout=False, extra_env=env, stdin=SCRIPT)
  File "/Users/shakamunyi/Development/facebook/apache-beam/sdks/python/target/python/lib/python/site-packages/virtualenv.py", line 797, in call_subprocess
    % (cmd_desc, proc.returncode))
OSError: Command /Users/shakamunyi/De...x/py27/bin/python2.7 - setuptools pip wheel failed with error code 1
Running virtualenv with interpreter /Users/shakamunyi/anaconda2/bin/python2.7
